2023-09-16 19:00:59,717{GMT}	INFO	[jepsen test runner] jepsen.core: Test version 99ccc4ca4d1d4a7c705ca61d8bdf45347c367ae0 (plus uncommitted changes)
2023-09-16 19:00:59,717{GMT}	INFO	[jepsen test runner] jepsen.core: Command line:
lein run test -w echo --bin ./target/debug/gossip-glomers-rs
2023-09-16 19:00:59,754{GMT}	INFO	[jepsen test runner] jepsen.core: Running test:
{:args []
 :remote
 #jepsen.control.retry.Remote{:remote #jepsen.control.scp.Remote{:cmd-remote #jepsen.control.sshj.SSHJRemote{:concurrency-limit 6,
                                                                                                             :conn-spec nil,
                                                                                                             :client nil,
                                                                                                             :semaphore nil},
                                                                 :conn-spec nil},
                              :conn nil}
 :log-net-send false
 :node-count nil
 :availability nil
 :max-txn-length 4
 :concurrency 5
 :db
 #object[maelstrom.db$db$reify__16142
         "0x6b09fcda"
         "maelstrom.db$db$reify__16142@6b09fcda"]
 :max-writes-per-key 16
 :leave-db-running? false
 :name "echo"
 :logging-json? false
 :start-time
 #object[org.joda.time.DateTime "0xb38dc7d" "2023-09-16T19:00:59.705+05:30"]
 :nemesis-interval 10
 :net
 #object[maelstrom.net$jepsen_net$reify__15251
         "0x746cb25d"
         "maelstrom.net$jepsen_net$reify__15251@746cb25d"]
 :client
 #object[maelstrom.workload.echo$client$reify__16863
         "0x4b9187de"
         "maelstrom.workload.echo$client$reify__16863@4b9187de"]
 :barrier
 #object[java.util.concurrent.CyclicBarrier
         "0x7c068c7b"
         "java.util.concurrent.CyclicBarrier@7c068c7b"]
 :log-stderr false
 :pure-generators true
 :ssh {:dummy? true}
 :rate 5
 :checker
 #object[jepsen.checker$compose$reify__11881
         "0x31906cb2"
         "jepsen.checker$compose$reify__11881@31906cb2"]
 :argv ("test" "-w" "echo" "--bin" "./target/debug/gossip-glomers-rs")
 :nemesis
 (jepsen.nemesis.ReflCompose
  {:fm {:start-partition 0,
        :stop-partition 0,
        :kill 1,
        :start 1,
        :pause 1,
        :resume 1},
   :nemeses [#unprintable "jepsen.nemesis.combined$partition_nemesis$reify__16416@207fce87"
             #unprintable "jepsen.nemesis.combined$db_nemesis$reify__16397@67171221"]})
 :nodes ["n1" "n2" "n3" "n4" "n5"]
 :test-count 1
 :latency {:mean 0, :dist :constant}
 :bin "./target/debug/gossip-glomers-rs"
 :generator
 (jepsen.generator.TimeLimit
  {:limit 60000000000,
   :cutoff nil,
   :gen (jepsen.generator.Any
         {:gens [(jepsen.generator.OnThreads
                  {:f #{:nemesis},
                   :context-filter #object[jepsen.generator.context$make_thread_filter$lazy_filter__9167
                                           "0x3e9c59ed"
                                           "jepsen.generator.context$make_thread_filter$lazy_filter__9167@3e9c59ed"],
                   :gen nil})
                 (jepsen.generator.OnThreads
                  {:f #jepsen.generator.context.AllBut{:element :nemesis},
                   :context-filter #object[jepsen.generator.context$make_thread_filter$lazy_filter__9167
                                           "0x365ad794"
                                           "jepsen.generator.context$make_thread_filter$lazy_filter__9167@365ad794"],
                   :gen (jepsen.generator.Stagger
                         {:dt 400000000,
                          :next-time nil,
                          :gen (jepsen.generator.EachThread
                                {:fresh-gen #object[maelstrom.workload.echo$workload$fn__16882
                                                    "0x4471f216"
                                                    "maelstrom.workload.echo$workload$fn__16882@4471f216"],
                                 :context-filters #object[clojure.core$promise$reify__8591
                                                          "0x4528a8bf"
                                                          {:status :pending,
                                                           :val nil}],
                                 :gens {}})})})]})})
 :log-net-recv false
 :os
 #object[maelstrom.net$jepsen_os$reify__15254
         "0x1927c2c6"
         "maelstrom.net$jepsen_os$reify__15254@1927c2c6"]
 :time-limit 60
 :workload :echo
 :consistency-models [:strict-serializable]
 :topology :grid}

2023-09-16 19:01:01,011{GMT}	INFO	[jepsen node n1] maelstrom.net: Starting Maelstrom network
2023-09-16 19:01:01,013{GMT}	INFO	[jepsen test runner] jepsen.db: Tearing down DB
2023-09-16 19:01:01,015{GMT}	INFO	[jepsen test runner] jepsen.db: Setting up DB
2023-09-16 19:01:01,016{GMT}	INFO	[jepsen node n2] maelstrom.db: Setting up n2
2023-09-16 19:01:01,016{GMT}	INFO	[jepsen node n4] maelstrom.db: Setting up n4
2023-09-16 19:01:01,016{GMT}	INFO	[jepsen node n5] maelstrom.db: Setting up n5
2023-09-16 19:01:01,016{GMT}	INFO	[jepsen node n3] maelstrom.db: Setting up n3
2023-09-16 19:01:01,017{GMT}	INFO	[jepsen node n4] maelstrom.process: launching ./target/debug/gossip-glomers-rs []
2023-09-16 19:01:01,017{GMT}	INFO	[jepsen node n3] maelstrom.process: launching ./target/debug/gossip-glomers-rs []
2023-09-16 19:01:01,017{GMT}	INFO	[jepsen node n5] maelstrom.process: launching ./target/debug/gossip-glomers-rs []
2023-09-16 19:01:01,017{GMT}	INFO	[jepsen node n2] maelstrom.process: launching ./target/debug/gossip-glomers-rs []
2023-09-16 19:01:01,017{GMT}	INFO	[jepsen node n1] maelstrom.service: Starting services: (lin-kv lin-tso lww-kv seq-kv)
2023-09-16 19:01:01,020{GMT}	INFO	[jepsen node n1] maelstrom.db: Setting up n1
2023-09-16 19:01:01,020{GMT}	INFO	[jepsen node n1] maelstrom.process: launching ./target/debug/gossip-glomers-rs []
2023-09-16 19:01:03,452{GMT}	INFO	[Jepsen shutdown hook] jepsen.core: Downloading DB logs before JVM shutdown...
